This is pdfTeX, Version 3.1415926-2.3-1.40.12 (MiKTeX 2.9) (preloaded format=pdflatex 2018.3.7)  29 SEP 2018 13:13
entering extended mode
**Exploration3.tex

(D:\Ê°åÈù¢Êñá‰ª∂2\Âá∫ÂõΩÂáÜÂ§á\Duke\BME503-Neuroc\Exploration3\Exploration3.tex
LaTeX2e <2011/06/27>
Babel <v3.8m> and hyphenation patterns for loaded.
(D:\CTEX\MiKTeX\tex\latex\base\article.cls
Document Class: article 2007/10/19 v1.4h Standard LaTeX document class
(D:\CTEX\MiKTeX\tex\latex\base\size12.clo
File: size12.clo 2007/10/19 v1.4h Standard LaTeX file (size option)
)
\c@part=\count79
\c@section=\count80
\c@subsection=\count81
\c@subsubsection=\count82
\c@paragraph=\count83
\c@subparagraph=\count84
\c@figure=\count85
\c@table=\count86
\abovecaptionskip=\skip41
\belowcaptionskip=\skip42
\bibindent=\dimen102
)
(D:\CTEX\MiKTeX\tex\latex\caption\caption.sty
Package: caption 2011/11/10 v3.2e Customizing captions (AR)

(D:\CTEX\MiKTeX\tex\latex\caption\caption3.sty
Package: caption3 2011/11/01 v1.4a caption3 kernel (AR)

(D:\CTEX\MiKTeX\tex\latex\graphics\keyval.sty
Package: keyval 1999/03/16 v1.13 key=value parser (DPC)
\KV@toks@=\toks14
)
\captionmargin=\dimen103
\captionmargin@=\dimen104
\captionwidth=\dimen105
\caption@indent=\dimen106
\caption@parindent=\dimen107
\caption@hangindent=\dimen108
)
\c@ContinuedFloat=\count87
)
(D:\CTEX\MiKTeX\tex\latex\graphics\graphicx.sty
Package: graphicx 1999/02/16 v1.0f Enhanced LaTeX Graphics (DPC,SPQR)

(D:\CTEX\MiKTeX\tex\latex\graphics\graphics.sty
Package: graphics 2009/02/05 v1.0o Standard LaTeX Graphics (DPC,SPQR)

(D:\CTEX\MiKTeX\tex\latex\graphics\trig.sty
Package: trig 1999/03/16 v1.09 sin cos tan (DPC)
)
(D:\CTEX\MiKTeX\tex\latex\00miktex\graphics.cfg
File: graphics.cfg 2007/01/18 v1.5 graphics configuration of teTeX/TeXLive
)
Package graphics Info: Driver file: pdftex.def on input line 91.

(D:\CTEX\MiKTeX\tex\latex\pdftex-def\pdftex.def
File: pdftex.def 2011/05/27 v0.06d Graphics/color for pdfTeX

(D:\CTEX\MiKTeX\tex\generic\oberdiek\infwarerr.sty
Package: infwarerr 2010/04/08 v1.3 Providing info/warning/message (HO)
)
(D:\CTEX\MiKTeX\tex\generic\oberdiek\ltxcmds.sty
Package: ltxcmds 2011/04/18 v1.20 LaTeX kernel commands for general use (HO)
)
\Gread@gobject=\count88
))
\Gin@req@height=\dimen109
\Gin@req@width=\dimen110
)
(D:\CTEX\MiKTeX\tex\latex\subfig\subfig.sty
Package: subfig 2005/06/28 ver: 1.3 subfig package
\c@KVtest=\count89
\sf@farskip=\skip43
\sf@captopadj=\dimen111
\sf@capskip=\skip44
\sf@nearskip=\skip45
\c@subfigure=\count90
\c@subfigure@save=\count91
\c@lofdepth=\count92
\c@subtable=\count93
\c@subtable@save=\count94
\c@lotdepth=\count95
\sf@top=\skip46
\sf@bottom=\skip47
)
(D:\CTEX\MiKTeX\tex\latex\float\float.sty
Package: float 2001/11/08 v1.3d Float enhancements (AL)
\c@float@type=\count96
\float@exts=\toks15
\float@box=\box26
\@float@everytoks=\toks16
\@floatcapt=\box27
)
(D:\CTEX\MiKTeX\tex\latex\psnfss\mathptmx.sty
Package: mathptmx 2005/04/12 PSNFSS-v9.2a Times w/ Math, improved (SPQR, WaS) 
LaTeX Font Info:    Redeclaring symbol font `operators' on input line 28.
LaTeX Font Info:    Overwriting symbol font `operators' in version `normal'
(Font)                  OT1/cmr/m/n --> OT1/ztmcm/m/n on input line 28.
LaTeX Font Info:    Overwriting symbol font `operators' in version `bold'
(Font)                  OT1/cmr/bx/n --> OT1/ztmcm/m/n on input line 28.
LaTeX Font Info:    Redeclaring symbol font `letters' on input line 29.
LaTeX Font Info:    Overwriting symbol font `letters' in version `normal'
(Font)                  OML/cmm/m/it --> OML/ztmcm/m/it on input line 29.
LaTeX Font Info:    Overwriting symbol font `letters' in version `bold'
(Font)                  OML/cmm/b/it --> OML/ztmcm/m/it on input line 29.
LaTeX Font Info:    Redeclaring symbol font `symbols' on input line 30.
LaTeX Font Info:    Overwriting symbol font `symbols' in version `normal'
(Font)                  OMS/cmsy/m/n --> OMS/ztmcm/m/n on input line 30.
LaTeX Font Info:    Overwriting symbol font `symbols' in version `bold'
(Font)                  OMS/cmsy/b/n --> OMS/ztmcm/m/n on input line 30.
LaTeX Font Info:    Redeclaring symbol font `largesymbols' on input line 31.
LaTeX Font Info:    Overwriting symbol font `largesymbols' in version `normal'
(Font)                  OMX/cmex/m/n --> OMX/ztmcm/m/n on input line 31.
LaTeX Font Info:    Overwriting symbol font `largesymbols' in version `bold'
(Font)                  OMX/cmex/m/n --> OMX/ztmcm/m/n on input line 31.
\symbold=\mathgroup4
\symitalic=\mathgroup5
LaTeX Font Info:    Redeclaring math alphabet \mathbf on input line 34.
LaTeX Font Info:    Overwriting math alphabet `\mathbf' in version `normal'
(Font)                  OT1/cmr/bx/n --> OT1/ptm/bx/n on input line 34.
LaTeX Font Info:    Overwriting math alphabet `\mathbf' in version `bold'
(Font)                  OT1/cmr/bx/n --> OT1/ptm/bx/n on input line 34.
LaTeX Font Info:    Redeclaring math alphabet \mathit on input line 35.
LaTeX Font Info:    Overwriting math alphabet `\mathit' in version `normal'
(Font)                  OT1/cmr/m/it --> OT1/ptm/m/it on input line 35.
LaTeX Font Info:    Overwriting math alphabet `\mathit' in version `bold'
(Font)                  OT1/cmr/bx/it --> OT1/ptm/m/it on input line 35.
LaTeX Info: Redefining \hbar on input line 50.
)
(D:\CTEX\MiKTeX\tex\latex\listings\listings.sty
\lst@mode=\count97
\lst@gtempboxa=\box28
\lst@token=\toks17
\lst@length=\count98
\lst@currlwidth=\dimen112
\lst@column=\count99
\lst@pos=\count100
\lst@lostspace=\dimen113
\lst@width=\dimen114
\lst@newlines=\count101
\lst@lineno=\count102
\lst@maxwidth=\dimen115

(D:\CTEX\MiKTeX\tex\latex\listings\lstmisc.sty
File: lstmisc.sty 2007/02/22 1.4 (Carsten Heinz)
\c@lstnumber=\count103
\lst@skipnumbers=\count104
\lst@framebox=\box29
)
(D:\CTEX\MiKTeX\tex\latex\listings\listings.cfg
File: listings.cfg 2007/02/22 1.4 listings configuration
))
Package: listings 2007/02/22 1.4 (Carsten Heinz)

(D:\CTEX\MiKTeX\tex\latex\ams\math\amsmath.sty
Package: amsmath 2000/07/18 v2.13 AMS math features
\@mathmargin=\skip48

For additional information on amsmath, use the `?' option.
(D:\CTEX\MiKTeX\tex\latex\ams\math\amstext.sty
Package: amstext 2000/06/29 v2.01

(D:\CTEX\MiKTeX\tex\latex\ams\math\amsgen.sty
File: amsgen.sty 1999/11/30 v2.0
\@emptytoks=\toks18
\ex@=\dimen116
))
(D:\CTEX\MiKTeX\tex\latex\ams\math\amsbsy.sty
Package: amsbsy 1999/11/29 v1.2d
\pmbraise@=\dimen117
)
(D:\CTEX\MiKTeX\tex\latex\ams\math\amsopn.sty
Package: amsopn 1999/12/14 v2.01 operator names
)
\inf@bad=\count105
LaTeX Info: Redefining \frac on input line 211.
\uproot@=\count106
\leftroot@=\count107
LaTeX Info: Redefining \overline on input line 307.
\classnum@=\count108
\DOTSCASE@=\count109
LaTeX Info: Redefining \ldots on input line 379.
LaTeX Info: Redefining \dots on input line 382.
LaTeX Info: Redefining \cdots on input line 467.
\Mathstrutbox@=\box30
\strutbox@=\box31
\big@size=\dimen118
LaTeX Font Info:    Redeclaring font encoding OML on input line 567.
LaTeX Font Info:    Redeclaring font encoding OMS on input line 568.
\macc@depth=\count110
\c@MaxMatrixCols=\count111
\dotsspace@=\muskip10
\c@parentequation=\count112
\dspbrk@lvl=\count113
\tag@help=\toks19
\row@=\count114
\column@=\count115
\maxfields@=\count116
\andhelp@=\toks20
\eqnshift@=\dimen119
\alignsep@=\dimen120
\tagshift@=\dimen121
\tagwidth@=\dimen122
\totwidth@=\dimen123
\lineht@=\dimen124
\@envbody=\toks21
\multlinegap=\skip49
\multlinetaggap=\skip50
\mathdisplay@stack=\toks22
LaTeX Info: Redefining \[ on input line 2666.
LaTeX Info: Redefining \] on input line 2667.
)
(D:\CTEX\MiKTeX\tex\latex\amsfonts\amssymb.sty
Package: amssymb 2009/06/22 v3.00

(D:\CTEX\MiKTeX\tex\latex\amsfonts\amsfonts.sty
Package: amsfonts 2009/06/22 v3.00 Basic AMSFonts support
\symAMSa=\mathgroup6
\symAMSb=\mathgroup7
LaTeX Font Info:    Overwriting math alphabet `\mathfrak' in version `bold'
(Font)                  U/euf/m/n --> U/euf/b/n on input line 96.
))
(D:\CTEX\MiKTeX\tex\latex\algorithms\algorithm.sty
Package: algorithm 2009/08/24 v0.1 Document Style `algorithm' - floating enviro
nment

(D:\CTEX\MiKTeX\tex\latex\base\ifthen.sty
Package: ifthen 2001/05/26 v1.1c Standard LaTeX ifthen package (DPC)
)
\@float@every@algorithm=\toks23
\c@algorithm=\count117
)
(D:\CTEX\MiKTeX\tex\latex\graphics\color.sty
Package: color 2005/11/14 v1.0j Standard LaTeX Color (DPC)

(D:\CTEX\MiKTeX\tex\latex\00miktex\color.cfg
File: color.cfg 2007/01/18 v1.5 color configuration of teTeX/TeXLive
)
Package color Info: Driver file: pdftex.def on input line 130.
)
(D:\CTEX\MiKTeX\tex\latex\listings\lstlang1.sty
File: lstlang1.sty 2004/09/05 1.3 listings language file
)
(D:\Ê°åÈù¢Êñá‰ª∂2\Âá∫ÂõΩÂáÜÂ§á\Duke\BME503-Neuroc\Exploration3\Exploration3.aux

LaTeX Warning: Label `img' multiply defined.


LaTeX Warning: Label `img' multiply defined.


LaTeX Warning: Label `img' multiply defined.


LaTeX Warning: Label `img' multiply defined.


LaTeX Warning: Label `img' multiply defined.


LaTeX Warning: Label `img' multiply defined.


LaTeX Warning: Label `img' multiply defined.


LaTeX Warning: Label `img' multiply defined.


LaTeX Warning: Label `img' multiply defined.


LaTeX Warning: Label `img' multiply defined.


LaTeX Warning: Label `img' multiply defined.


LaTeX Warning: Label `img' multiply defined.


LaTeX Warning: Label `img' multiply defined.

)
LaTeX Font Info:    Checking defaults for OML/cmm/m/it on input line 38.
LaTeX Font Info:    ... okay on input line 38.
LaTeX Font Info:    Checking defaults for T1/cmr/m/n on input line 38.
LaTeX Font Info:    ... okay on input line 38.
LaTeX Font Info:    Checking defaults for OT1/cmr/m/n on input line 38.
LaTeX Font Info:    ... okay on input line 38.
LaTeX Font Info:    Checking defaults for OMS/cmsy/m/n on input line 38.
LaTeX Font Info:    ... okay on input line 38.
LaTeX Font Info:    Checking defaults for OMX/cmex/m/n on input line 38.
LaTeX Font Info:    ... okay on input line 38.
LaTeX Font Info:    Checking defaults for U/cmr/m/n on input line 38.
LaTeX Font Info:    ... okay on input line 38.
LaTeX Font Info:    Try loading font information for OT1+ptm on input line 38.
 (D:\CTEX\MiKTeX\tex\latex\psnfss\ot1ptm.fd
File: ot1ptm.fd 2001/06/04 font definitions for OT1/ptm.
)
Package caption Info: Begin \AtBeginDocument code.
Package caption Info: subfig package v1.3 is loaded.
Package caption Info: float package is loaded.
Package caption Info: listings package is loaded.
Package caption Info: End \AtBeginDocument code.

(D:\CTEX\MiKTeX\tex\context\base\supp-pdf.mkii
[Loading MPS to PDF converter (version 2006.09.02).]
\scratchcounter=\count118
\scratchdimen=\dimen125
\scratchbox=\box32
\nofMPsegments=\count119
\nofMParguments=\count120
\everyMPshowfont=\toks24
\MPscratchCnt=\count121
\MPscratchDim=\dimen126
\MPnumerator=\count122
\makeMPintoPDFobject=\count123
\everyMPtoPDFconversion=\toks25
)
\c@lstlisting=\count124
LaTeX Font Info:    Try loading font information for OT1+ztmcm on input line 39
.
 (D:\CTEX\MiKTeX\tex\latex\psnfss\ot1ztmcm.fd
File: ot1ztmcm.fd 2000/01/03 Fontinst v1.801 font definitions for OT1/ztmcm.
)
LaTeX Font Info:    Try loading font information for OML+ztmcm on input line 39
.

(D:\CTEX\MiKTeX\tex\latex\psnfss\omlztmcm.fd
File: omlztmcm.fd 2000/01/03 Fontinst v1.801 font definitions for OML/ztmcm.
)
LaTeX Font Info:    Try loading font information for OMS+ztmcm on input line 39
.

(D:\CTEX\MiKTeX\tex\latex\psnfss\omsztmcm.fd
File: omsztmcm.fd 2000/01/03 Fontinst v1.801 font definitions for OMS/ztmcm.
)
LaTeX Font Info:    Try loading font information for OMX+ztmcm on input line 39
.

(D:\CTEX\MiKTeX\tex\latex\psnfss\omxztmcm.fd
File: omxztmcm.fd 2000/01/03 Fontinst v1.801 font definitions for OMX/ztmcm.
)
LaTeX Font Info:    Font shape `OT1/ptm/bx/n' in size <14.4> not available
(Font)              Font shape `OT1/ptm/b/n' tried instead on input line 39.
LaTeX Font Info:    Font shape `OT1/ptm/bx/n' in size <10.95> not available
(Font)              Font shape `OT1/ptm/b/n' tried instead on input line 39.
LaTeX Font Info:    Font shape `OT1/ptm/bx/n' in size <8> not available
(Font)              Font shape `OT1/ptm/b/n' tried instead on input line 39.
 [1

{D:/CTEX/UserData/pdftex/config/pdftex.map{Unicode.sfd}{UGBK.sfd}}]
LaTeX Font Info:    Font shape `OT1/ptm/bx/n' in size <12> not available
(Font)              Font shape `OT1/ptm/b/n' tried instead on input line 41.

Overfull \hbox (36.68015pt too wide) in paragraph at lines 41--47
\OT1/ptm/m/n/12 mod-el (a=0.02, b=0.25, c=-65.0, d=2) http://www.izhikevich.org
/publications/spikes.htm,
 []

LaTeX Font Info:    Font shape `OT1/ptm/bx/n' in size <9> not available
(Font)              Font shape `OT1/ptm/b/n' tried instead on input line 48.
LaTeX Font Info:    Font shape `OT1/ptm/bx/n' in size <7> not available
(Font)              Font shape `OT1/ptm/b/n' tried instead on input line 48.
Missing character: There is no Ô in font zptmcm7t!
Missing character: There is no Ä in font zptmcm7t!
Missing character: There is no ¶ in font zptmcm7t!
Missing character: There is no ‚ in font zptmcm7t!
Missing character: There is no à in font zptmcm7t!
Missing character: There is no í in font zptmcm7t!
Missing character: There is no Ô in font zptmcm7t!
Missing character: There is no Ä in font zptmcm7t!
Missing character: There is no ¶ in font zptmcm7t!
Missing character: There is no ‚ in font zptmcm7t!
Missing character: There is no à in font zptmcm7t!
Missing character: There is no í in font zptmcm7t!

Underfull \hbox (badness 10000) in paragraph at lines 56--59

 []


Underfull \hbox (badness 10000) in paragraph at lines 60--66

 []


Underfull \hbox (badness 10000) in paragraph at lines 67--69

 []

<h1_p1_001.png, id=6, 766.865pt x 781.92125pt>
File: h1_p1_001.png Graphic file (type png)
 <use h1_p1_001.png>
Package pdftex.def Info: h1_p1_001.png used on input line 76.
(pdftex.def)             Requested size: 312.00119pt x 318.13197pt.
 [2]
<h3_p1_p1_004.png, id=16, 772.8875pt x 776.9025pt>
File: h3_p1_p1_004.png Graphic file (type png)
 <use h3_p1_p1_004.png>
Package pdftex.def Info: h3_p1_p1_004.png used on input line 83.
(pdftex.def)             Requested size: 312.00119pt x 313.62428pt.

<h3_p1_p1_008.png, id=17, 768.8725pt x 776.9025pt>
File: h3_p1_p1_008.png Graphic file (type png)
 <use h3_p1_p1_008.png>
Package pdftex.def Info: h3_p1_p1_008.png used on input line 89.
(pdftex.def)             Requested size: 312.00119pt x 315.26022pt.

[3 <D:/Ê°åÈù¢Êñá‰ª∂2/Âá∫ÂõΩÂáÜÂ§á/Duke/BME503-Neuroc/Exploration3/h1_p1_001.png
>] <h3_p1_p1_012.png, id=22, 746.79pt x 770.88pt>
File: h3_p1_p1_012.png Graphic file (type png)
 <use h3_p1_p1_012.png>
Package pdftex.def Info: h3_p1_p1_012.png used on input line 95.
(pdftex.def)             Requested size: 312.00119pt x 322.06181pt.

[4 <D:/Ê°åÈù¢Êñá‰ª∂2/Âá∫ÂõΩÂáÜÂ§á/Duke/BME503-Neuroc/Exploration3/h3_p1_p1_004.
png>] [5 <D:/Ê°åÈù¢Êñá‰ª∂2/Âá∫ÂõΩÂáÜÂ§á/Duke/BME503-Neuroc/Exploration3/h3_p1_p
1_008.png>] [6 <D:/Ê°åÈù¢Êñá‰ª∂2/Âá∫ÂõΩÂáÜÂ§á/Duke/BME503-Neuroc/Exploration3/h
3_p1_p1_012.png>]
Underfull \hbox (badness 10000) in paragraph at lines 101--103

 []


Underfull \hbox (badness 10000) in paragraph at lines 104--106

 []

<h3_p1_p2.png, id=35, 740.7675pt x 758.835pt>
File: h3_p1_p2.png Graphic file (type png)
 <use h3_p1_p2.png>
Package pdftex.def Info: h3_p1_p2.png used on input line 110.
(pdftex.def)             Requested size: 312.00119pt x 319.61168pt.
 [7 <D:/Ê°åÈù¢Êñá‰ª∂2/Âá∫ÂõΩÂáÜÂ§á/Duke/BME503-Neuroc/Exploration3/h3_p1_p2.png
>]
Underfull \hbox (badness 10000) in paragraph at lines 117--123

 []


Underfull \hbox (badness 10000) in paragraph at lines 124--126

 []

<h3_p1_p3_200.png, id=41, 782.925pt x 735.74875pt>
File: h3_p1_p3_200.png Graphic file (type png)
 <use h3_p1_p3_200.png>
Package pdftex.def Info: h3_p1_p3_200.png used on input line 131.
(pdftex.def)             Requested size: 312.00119pt x 293.2053pt.

<h3_p1_p3_400.png, id=42, 675.52374pt x 672.5125pt>
File: h3_p1_p3_400.png Graphic file (type png)
 <use h3_p1_p3_400.png>
Package pdftex.def Info: h3_p1_p3_400.png used on input line 137.
(pdftex.def)             Requested size: 312.00119pt x 310.61142pt.

<h3_p1_p3_600.png, id=43, 777.90625pt x 726.715pt>
File: h3_p1_p3_600.png Graphic file (type png)
 <use h3_p1_p3_600.png>
Package pdftex.def Info: h3_p1_p3_600.png used on input line 143.
(pdftex.def)             Requested size: 312.00119pt x 291.47923pt.

[8 <D:/Ê°åÈù¢Êñá‰ª∂2/Âá∫ÂõΩÂáÜÂ§á/Duke/BME503-Neuroc/Exploration3/h3_p1_p3_200.
png>] <h3_p1_p3_1200.png, id=48, 770.88pt x 730.73pt>
File: h3_p1_p3_1200.png Graphic file (type png)
 <use h3_p1_p3_1200.png>
Package pdftex.def Info: h3_p1_p3_1200.png used on input line 149.
(pdftex.def)             Requested size: 312.00119pt x 295.74333pt.

[9 <D:/Ê°åÈù¢Êñá‰ª∂2/Âá∫ÂõΩÂáÜÂ§á/Duke/BME503-Neuroc/Exploration3/h3_p1_p3_400.
png>] [10 <D:/Ê°åÈù¢Êñá‰ª∂2/Âá∫ÂõΩÂáÜÂ§á/Duke/BME503-Neuroc/Exploration3/h3_p1_
p3_600.png>] [11 <D:/Ê°åÈù¢Êñá‰ª∂2/Âá∫ÂõΩÂáÜÂ§á/Duke/BME503-Neuroc/Exploration3
/h3_p1_p3_1200.png>]
Underfull \hbox (badness 10000) in paragraph at lines 155--157

 []


Underfull \hbox (badness 10000) in paragraph at lines 158--160

 []

<h3_p1_p3_delay.png, id=61, 762.85pt x 744.7825pt>
File: h3_p1_p3_delay.png Graphic file (type png)
 <use h3_p1_p3_delay.png>
Package pdftex.def Info: h3_p1_p3_delay.png used on input line 164.
(pdftex.def)             Requested size: 312.00119pt x 304.61275pt.

[12 <D:/Ê°åÈù¢Êñá‰ª∂2/Âá∫ÂõΩÂáÜÂ§á/Duke/BME503-Neuroc/Exploration3/h3_p1_p3_del
ay.png>]
Underfull \hbox (badness 10000) in paragraph at lines 170--175

 []


Underfull \hbox (badness 10000) in paragraph at lines 176--178

 []

<h3_p1_p5_1.png, id=66, 829.0975pt x 773.89125pt>
File: h3_p1_p5_1.png Graphic file (type png)
 <use h3_p1_p5_1.png>
Package pdftex.def Info: h3_p1_p5_1.png used on input line 189.
(pdftex.def)             Requested size: 312.00119pt x 291.22404pt.

<h3_p1_p5_2.png, id=67, 814.04124pt x 790.955pt>
File: h3_p1_p5_2.png Graphic file (type png)
 <use h3_p1_p5_2.png>
Package pdftex.def Info: h3_p1_p5_2.png used on input line 195.
(pdftex.def)             Requested size: 312.00119pt x 303.14879pt.
 [13]
[14 <D:/Ê°åÈù¢Êñá‰ª∂2/Âá∫ÂõΩÂáÜÂ§á/Duke/BME503-Neuroc/Exploration3/h3_p1_p5_1.p
ng>] [15 <D:/Ê°åÈù¢Êñá‰ª∂2/Âá∫ÂõΩÂáÜÂ§á/Duke/BME503-Neuroc/Exploration3/h3_p1_p
5_2.png>]
Underfull \hbox (badness 10000) in paragraph at lines 201--203

 []


Underfull \hbox (badness 10000) in paragraph at lines 204--208

 []


Underfull \hbox (badness 10000) in paragraph at lines 209--211

 []


Overfull \hbox (4.13339pt too wide) in paragraph at lines 212--213
[]\OT1/ptm/m/n/12 The val-ue of synap-tic con-duc-tance will have im-pact on th
e post-synaptic spikes.
 []

<h3_p2_1000.png, id=81, 662.475pt x 780.9175pt>
File: h3_p2_1000.png Graphic file (type png)
 <use h3_p2_1000.png>
Package pdftex.def Info: h3_p2_1000.png used on input line 219.
(pdftex.def)             Requested size: 312.00119pt x 367.78197pt.
 [16]
<h3_p2_1500.png, id=85, 690.58pt x 783.92876pt>
File: h3_p2_1500.png Graphic file (type png)
 <use h3_p2_1500.png>
Package pdftex.def Info: h3_p2_1500.png used on input line 226.
(pdftex.def)             Requested size: 312.00119pt x 354.17618pt.
 [17 <D:/Ê°åÈù¢Êñá‰ª∂2/Âá∫ÂõΩÂáÜÂ§á/Duke/BME503-Neuroc/Exploration3/h3_p2_1000.
png>]
<h3_p2_c.png, id=90, 831.105pt x 778.91pt>
File: h3_p2_c.png Graphic file (type png)
 <use h3_p2_c.png>
Package pdftex.def Info: h3_p2_c.png used on input line 232.
(pdftex.def)             Requested size: 312.00119pt x 292.39955pt.
 [18 <D:/Ê°åÈù¢Êñá‰ª∂2/Âá∫ÂõΩÂáÜÂ§á/Duke/BME503-Neuroc/Exploration3/h3_p2_1500.
png>] [19 <D:/Ê°åÈù¢Êñá‰ª∂2/Âá∫ÂõΩÂáÜÂ§á/Duke/BME503-Neuroc/Exploration3/h3_p2_
c.png>]
Underfull \hbox (badness 10000) in paragraph at lines 238--240

 []


Underfull \hbox (badness 10000) in paragraph at lines 241--243

 []

[20] [21] [22] [23]
Underfull \hbox (badness 10000) in paragraph at lines 361--363

 []

[24] [25] [26] [27]
Underfull \hbox (badness 10000) in paragraph at lines 488--490

 []

[28] [29] [30] [31]
Underfull \hbox (badness 10000) in paragraph at lines 639--641

 []

[32] [33] [34] [35] [36]
(D:\Ê°åÈù¢Êñá‰ª∂2\Âá∫ÂõΩÂáÜÂ§á\Duke\BME503-Neuroc\Exploration3\Exploration3.aux
)

LaTeX Warning: There were multiply-defined labels.

 ) 
Here is how much of TeX's memory you used:
 4860 strings out of 495354
 68994 string characters out of 3183860
 196980 words of memory out of 3000000
 7956 multiletter control sequences out of 15000+200000
 35070 words of font info for 83 fonts, out of 3000000 for 9000
 14 hyphenation exceptions out of 8191
 36i,7n,40p,349b,1571s stack positions out of 5000i,500n,10000p,200000b,50000s
{D:/CTEX/MiKTeX/fonts/enc/dvips/fontname/8r.enc}<D:/CTEX/MiKTeX/fonts/type1/p
ublic/amsfonts/cm/cmmi10.pfb><D:/CTEX/MiKTeX/fonts/type1/public/amsfonts/cm/cmr
10.pfb><D:/CTEX/MiKTeX/fonts/type1/public/amsfonts/cm/cmsy10.pfb><D:/CTEX/MiKTe
X/fonts/type1/public/amsfonts/cm/cmtt10.pfb><D:/CTEX/MiKTeX/fonts/type1/urw/sym
bol/usyr.pfb><D:/CTEX/MiKTeX/fonts/type1/urw/times/utmb8a.pfb><D:/CTEX/MiKTeX/f
onts/type1/urw/times/utmr8a.pfb><D:/CTEX/MiKTeX/fonts/type1/urw/times/utmri8a.p
fb>
Output written on Exploration3.pdf (36 pages, 953413 bytes).
PDF statistics:
 181 PDF objects out of 1000 (max. 8388607)
 0 named destinations out of 1000 (max. 500000)
 76 words of extra memory for PDF output out of 10000 (max. 10000000)

