This is pdfTeX, Version 3.1415926-2.3-1.40.12 (MiKTeX 2.9) (preloaded format=pdflatex 2018.3.7)  23 SEP 2018 02:38
entering extended mode
**Exploration2.tex

(C:\Users\Dell\Desktop\Âá∫ÂõΩÂáÜÂ§á\Duke\BME503-Neuroc\Exploration2\Exploration
2.tex
LaTeX2e <2011/06/27>
Babel <v3.8m> and hyphenation patterns for loaded.
(D:\CTEX\MiKTeX\tex\latex\base\article.cls
Document Class: article 2007/10/19 v1.4h Standard LaTeX document class
(D:\CTEX\MiKTeX\tex\latex\base\size12.clo
File: size12.clo 2007/10/19 v1.4h Standard LaTeX file (size option)
)
\c@part=\count79
\c@section=\count80
\c@subsection=\count81
\c@subsubsection=\count82
\c@paragraph=\count83
\c@subparagraph=\count84
\c@figure=\count85
\c@table=\count86
\abovecaptionskip=\skip41
\belowcaptionskip=\skip42
\bibindent=\dimen102
)
(D:\CTEX\MiKTeX\tex\latex\caption\caption.sty
Package: caption 2011/11/10 v3.2e Customizing captions (AR)

(D:\CTEX\MiKTeX\tex\latex\caption\caption3.sty
Package: caption3 2011/11/01 v1.4a caption3 kernel (AR)

(D:\CTEX\MiKTeX\tex\latex\graphics\keyval.sty
Package: keyval 1999/03/16 v1.13 key=value parser (DPC)
\KV@toks@=\toks14
)
\captionmargin=\dimen103
\captionmargin@=\dimen104
\captionwidth=\dimen105
\caption@indent=\dimen106
\caption@parindent=\dimen107
\caption@hangindent=\dimen108
)
\c@ContinuedFloat=\count87
)
(D:\CTEX\MiKTeX\tex\latex\graphics\graphicx.sty
Package: graphicx 1999/02/16 v1.0f Enhanced LaTeX Graphics (DPC,SPQR)

(D:\CTEX\MiKTeX\tex\latex\graphics\graphics.sty
Package: graphics 2009/02/05 v1.0o Standard LaTeX Graphics (DPC,SPQR)

(D:\CTEX\MiKTeX\tex\latex\graphics\trig.sty
Package: trig 1999/03/16 v1.09 sin cos tan (DPC)
)
(D:\CTEX\MiKTeX\tex\latex\00miktex\graphics.cfg
File: graphics.cfg 2007/01/18 v1.5 graphics configuration of teTeX/TeXLive
)
Package graphics Info: Driver file: pdftex.def on input line 91.

(D:\CTEX\MiKTeX\tex\latex\pdftex-def\pdftex.def
File: pdftex.def 2011/05/27 v0.06d Graphics/color for pdfTeX

(D:\CTEX\MiKTeX\tex\generic\oberdiek\infwarerr.sty
Package: infwarerr 2010/04/08 v1.3 Providing info/warning/message (HO)
)
(D:\CTEX\MiKTeX\tex\generic\oberdiek\ltxcmds.sty
Package: ltxcmds 2011/04/18 v1.20 LaTeX kernel commands for general use (HO)
)
\Gread@gobject=\count88
))
\Gin@req@height=\dimen109
\Gin@req@width=\dimen110
)
(D:\CTEX\MiKTeX\tex\latex\subfig\subfig.sty
Package: subfig 2005/06/28 ver: 1.3 subfig package
\c@KVtest=\count89
\sf@farskip=\skip43
\sf@captopadj=\dimen111
\sf@capskip=\skip44
\sf@nearskip=\skip45
\c@subfigure=\count90
\c@subfigure@save=\count91
\c@lofdepth=\count92
\c@subtable=\count93
\c@subtable@save=\count94
\c@lotdepth=\count95
\sf@top=\skip46
\sf@bottom=\skip47
)
(D:\CTEX\MiKTeX\tex\latex\float\float.sty
Package: float 2001/11/08 v1.3d Float enhancements (AL)
\c@float@type=\count96
\float@exts=\toks15
\float@box=\box26
\@float@everytoks=\toks16
\@floatcapt=\box27
)
(D:\CTEX\MiKTeX\tex\latex\psnfss\mathptmx.sty
Package: mathptmx 2005/04/12 PSNFSS-v9.2a Times w/ Math, improved (SPQR, WaS) 
LaTeX Font Info:    Redeclaring symbol font `operators' on input line 28.
LaTeX Font Info:    Overwriting symbol font `operators' in version `normal'
(Font)                  OT1/cmr/m/n --> OT1/ztmcm/m/n on input line 28.
LaTeX Font Info:    Overwriting symbol font `operators' in version `bold'
(Font)                  OT1/cmr/bx/n --> OT1/ztmcm/m/n on input line 28.
LaTeX Font Info:    Redeclaring symbol font `letters' on input line 29.
LaTeX Font Info:    Overwriting symbol font `letters' in version `normal'
(Font)                  OML/cmm/m/it --> OML/ztmcm/m/it on input line 29.
LaTeX Font Info:    Overwriting symbol font `letters' in version `bold'
(Font)                  OML/cmm/b/it --> OML/ztmcm/m/it on input line 29.
LaTeX Font Info:    Redeclaring symbol font `symbols' on input line 30.
LaTeX Font Info:    Overwriting symbol font `symbols' in version `normal'
(Font)                  OMS/cmsy/m/n --> OMS/ztmcm/m/n on input line 30.
LaTeX Font Info:    Overwriting symbol font `symbols' in version `bold'
(Font)                  OMS/cmsy/b/n --> OMS/ztmcm/m/n on input line 30.
LaTeX Font Info:    Redeclaring symbol font `largesymbols' on input line 31.
LaTeX Font Info:    Overwriting symbol font `largesymbols' in version `normal'
(Font)                  OMX/cmex/m/n --> OMX/ztmcm/m/n on input line 31.
LaTeX Font Info:    Overwriting symbol font `largesymbols' in version `bold'
(Font)                  OMX/cmex/m/n --> OMX/ztmcm/m/n on input line 31.
\symbold=\mathgroup4
\symitalic=\mathgroup5
LaTeX Font Info:    Redeclaring math alphabet \mathbf on input line 34.
LaTeX Font Info:    Overwriting math alphabet `\mathbf' in version `normal'
(Font)                  OT1/cmr/bx/n --> OT1/ptm/bx/n on input line 34.
LaTeX Font Info:    Overwriting math alphabet `\mathbf' in version `bold'
(Font)                  OT1/cmr/bx/n --> OT1/ptm/bx/n on input line 34.
LaTeX Font Info:    Redeclaring math alphabet \mathit on input line 35.
LaTeX Font Info:    Overwriting math alphabet `\mathit' in version `normal'
(Font)                  OT1/cmr/m/it --> OT1/ptm/m/it on input line 35.
LaTeX Font Info:    Overwriting math alphabet `\mathit' in version `bold'
(Font)                  OT1/cmr/bx/it --> OT1/ptm/m/it on input line 35.
LaTeX Info: Redefining \hbar on input line 50.
)
(D:\CTEX\MiKTeX\tex\latex\listings\listings.sty
\lst@mode=\count97
\lst@gtempboxa=\box28
\lst@token=\toks17
\lst@length=\count98
\lst@currlwidth=\dimen112
\lst@column=\count99
\lst@pos=\count100
\lst@lostspace=\dimen113
\lst@width=\dimen114
\lst@newlines=\count101
\lst@lineno=\count102
\lst@maxwidth=\dimen115

(D:\CTEX\MiKTeX\tex\latex\listings\lstmisc.sty
File: lstmisc.sty 2007/02/22 1.4 (Carsten Heinz)
\c@lstnumber=\count103
\lst@skipnumbers=\count104
\lst@framebox=\box29
)
(D:\CTEX\MiKTeX\tex\latex\listings\listings.cfg
File: listings.cfg 2007/02/22 1.4 listings configuration
))
Package: listings 2007/02/22 1.4 (Carsten Heinz)

(D:\CTEX\MiKTeX\tex\latex\ams\math\amsmath.sty
Package: amsmath 2000/07/18 v2.13 AMS math features
\@mathmargin=\skip48

For additional information on amsmath, use the `?' option.
(D:\CTEX\MiKTeX\tex\latex\ams\math\amstext.sty
Package: amstext 2000/06/29 v2.01

(D:\CTEX\MiKTeX\tex\latex\ams\math\amsgen.sty
File: amsgen.sty 1999/11/30 v2.0
\@emptytoks=\toks18
\ex@=\dimen116
))
(D:\CTEX\MiKTeX\tex\latex\ams\math\amsbsy.sty
Package: amsbsy 1999/11/29 v1.2d
\pmbraise@=\dimen117
)
(D:\CTEX\MiKTeX\tex\latex\ams\math\amsopn.sty
Package: amsopn 1999/12/14 v2.01 operator names
)
\inf@bad=\count105
LaTeX Info: Redefining \frac on input line 211.
\uproot@=\count106
\leftroot@=\count107
LaTeX Info: Redefining \overline on input line 307.
\classnum@=\count108
\DOTSCASE@=\count109
LaTeX Info: Redefining \ldots on input line 379.
LaTeX Info: Redefining \dots on input line 382.
LaTeX Info: Redefining \cdots on input line 467.
\Mathstrutbox@=\box30
\strutbox@=\box31
\big@size=\dimen118
LaTeX Font Info:    Redeclaring font encoding OML on input line 567.
LaTeX Font Info:    Redeclaring font encoding OMS on input line 568.
\macc@depth=\count110
\c@MaxMatrixCols=\count111
\dotsspace@=\muskip10
\c@parentequation=\count112
\dspbrk@lvl=\count113
\tag@help=\toks19
\row@=\count114
\column@=\count115
\maxfields@=\count116
\andhelp@=\toks20
\eqnshift@=\dimen119
\alignsep@=\dimen120
\tagshift@=\dimen121
\tagwidth@=\dimen122
\totwidth@=\dimen123
\lineht@=\dimen124
\@envbody=\toks21
\multlinegap=\skip49
\multlinetaggap=\skip50
\mathdisplay@stack=\toks22
LaTeX Info: Redefining \[ on input line 2666.
LaTeX Info: Redefining \] on input line 2667.
)
(D:\CTEX\MiKTeX\tex\latex\amsfonts\amssymb.sty
Package: amssymb 2009/06/22 v3.00

(D:\CTEX\MiKTeX\tex\latex\amsfonts\amsfonts.sty
Package: amsfonts 2009/06/22 v3.00 Basic AMSFonts support
\symAMSa=\mathgroup6
\symAMSb=\mathgroup7
LaTeX Font Info:    Overwriting math alphabet `\mathfrak' in version `bold'
(Font)                  U/euf/m/n --> U/euf/b/n on input line 96.
))
(D:\CTEX\MiKTeX\tex\latex\algorithms\algorithm.sty
Package: algorithm 2009/08/24 v0.1 Document Style `algorithm' - floating enviro
nment

(D:\CTEX\MiKTeX\tex\latex\base\ifthen.sty
Package: ifthen 2001/05/26 v1.1c Standard LaTeX ifthen package (DPC)
)
\@float@every@algorithm=\toks23
\c@algorithm=\count117
)
(D:\CTEX\MiKTeX\tex\latex\graphics\color.sty
Package: color 2005/11/14 v1.0j Standard LaTeX Color (DPC)

(D:\CTEX\MiKTeX\tex\latex\00miktex\color.cfg
File: color.cfg 2007/01/18 v1.5 color configuration of teTeX/TeXLive
)
Package color Info: Driver file: pdftex.def on input line 130.
)
(D:\CTEX\MiKTeX\tex\latex\listings\lstlang1.sty
File: lstlang1.sty 2004/09/05 1.3 listings language file
)
(C:\Users\Dell\Desktop\Âá∫ÂõΩÂáÜÂ§á\Duke\BME503-Neuroc\Exploration2\Exploration
2.aux

LaTeX Warning: Label `img' multiply defined.


LaTeX Warning: Label `img' multiply defined.


LaTeX Warning: Label `img' multiply defined.


LaTeX Warning: Label `img' multiply defined.


LaTeX Warning: Label `img' multiply defined.


LaTeX Warning: Label `img' multiply defined.


LaTeX Warning: Label `img' multiply defined.


LaTeX Warning: Label `img' multiply defined.


LaTeX Warning: Label `img' multiply defined.

)
LaTeX Font Info:    Checking defaults for OML/cmm/m/it on input line 38.
LaTeX Font Info:    ... okay on input line 38.
LaTeX Font Info:    Checking defaults for T1/cmr/m/n on input line 38.
LaTeX Font Info:    ... okay on input line 38.
LaTeX Font Info:    Checking defaults for OT1/cmr/m/n on input line 38.
LaTeX Font Info:    ... okay on input line 38.
LaTeX Font Info:    Checking defaults for OMS/cmsy/m/n on input line 38.
LaTeX Font Info:    ... okay on input line 38.
LaTeX Font Info:    Checking defaults for OMX/cmex/m/n on input line 38.
LaTeX Font Info:    ... okay on input line 38.
LaTeX Font Info:    Checking defaults for U/cmr/m/n on input line 38.
LaTeX Font Info:    ... okay on input line 38.
LaTeX Font Info:    Try loading font information for OT1+ptm on input line 38.
 (D:\CTEX\MiKTeX\tex\latex\psnfss\ot1ptm.fd
File: ot1ptm.fd 2001/06/04 font definitions for OT1/ptm.
)
Package caption Info: Begin \AtBeginDocument code.
Package caption Info: subfig package v1.3 is loaded.
Package caption Info: float package is loaded.
Package caption Info: listings package is loaded.
Package caption Info: End \AtBeginDocument code.

(D:\CTEX\MiKTeX\tex\context\base\supp-pdf.mkii
[Loading MPS to PDF converter (version 2006.09.02).]
\scratchcounter=\count118
\scratchdimen=\dimen125
\scratchbox=\box32
\nofMPsegments=\count119
\nofMParguments=\count120
\everyMPshowfont=\toks24
\MPscratchCnt=\count121
\MPscratchDim=\dimen126
\MPnumerator=\count122
\makeMPintoPDFobject=\count123
\everyMPtoPDFconversion=\toks25
)
\c@lstlisting=\count124
LaTeX Font Info:    Try loading font information for OT1+ztmcm on input line 39
.
 (D:\CTEX\MiKTeX\tex\latex\psnfss\ot1ztmcm.fd
File: ot1ztmcm.fd 2000/01/03 Fontinst v1.801 font definitions for OT1/ztmcm.
)
LaTeX Font Info:    Try loading font information for OML+ztmcm on input line 39
.

(D:\CTEX\MiKTeX\tex\latex\psnfss\omlztmcm.fd
File: omlztmcm.fd 2000/01/03 Fontinst v1.801 font definitions for OML/ztmcm.
)
LaTeX Font Info:    Try loading font information for OMS+ztmcm on input line 39
.

(D:\CTEX\MiKTeX\tex\latex\psnfss\omsztmcm.fd
File: omsztmcm.fd 2000/01/03 Fontinst v1.801 font definitions for OMS/ztmcm.
)
LaTeX Font Info:    Try loading font information for OMX+ztmcm on input line 39
.

(D:\CTEX\MiKTeX\tex\latex\psnfss\omxztmcm.fd
File: omxztmcm.fd 2000/01/03 Fontinst v1.801 font definitions for OMX/ztmcm.
)
LaTeX Font Info:    Font shape `OT1/ptm/bx/n' in size <14.4> not available
(Font)              Font shape `OT1/ptm/b/n' tried instead on input line 39.
LaTeX Font Info:    Font shape `OT1/ptm/bx/n' in size <10.95> not available
(Font)              Font shape `OT1/ptm/b/n' tried instead on input line 39.
LaTeX Font Info:    Font shape `OT1/ptm/bx/n' in size <8> not available
(Font)              Font shape `OT1/ptm/b/n' tried instead on input line 39.
 [1

{D:/CTEX/UserData/pdftex/config/pdftex.map{Unicode.sfd}{UGBK.sfd}}]
LaTeX Font Info:    Font shape `OT1/ptm/bx/n' in size <12> not available
(Font)              Font shape `OT1/ptm/b/n' tried instead on input line 41.

Underfull \hbox (badness 10000) in paragraph at lines 41--43

 []


Underfull \hbox (badness 10000) in paragraph at lines 41--43

 []


Underfull \hbox (badness 10000) in paragraph at lines 44--46

 []


Underfull \hbox (badness 10000) in paragraph at lines 47--49

 []

LaTeX Font Info:    Font shape `OT1/ptm/bx/n' in size <9> not available
(Font)              Font shape `OT1/ptm/b/n' tried instead on input line 50.
LaTeX Font Info:    Font shape `OT1/ptm/bx/n' in size <7> not available
(Font)              Font shape `OT1/ptm/b/n' tried instead on input line 50.
<h2_p1_p1.png, id=6, 372.79276pt x 281.853pt>
File: h2_p1_p1.png Graphic file (type png)
 <use h2_p1_p1.png>
Package pdftex.def Info: h2_p1_p1.png used on input line 54.
(pdftex.def)             Requested size: 312.00119pt x 235.89476pt.

<h2_p1_2.png, id=8, 631.35875pt x 469.755pt>
File: h2_p1_2.png Graphic file (type png)
 <use h2_p1_2.png>
Package pdftex.def Info: h2_p1_2.png used on input line 61.
(pdftex.def)             Requested size: 312.00119pt x 232.1388pt.
 [2 <C:/Users/Dell/Desktop/Âá∫ÂõΩÂáÜÂ§á/Duke/BME503-Neuroc/Exploration2/h2_p1_p
1.png>] [3 <C:/Users/Dell/Desktop/Âá∫ÂõΩÂáÜÂ§á/Duke/BME503-Neuroc/Exploration2/
h2_p1_2.png>]
Underfull \hbox (badness 10000) in paragraph at lines 67--69

 []


Underfull \hbox (badness 10000) in paragraph at lines 70--72

 []


Underfull \hbox (badness 10000) in paragraph at lines 73--75

 []

<h2_p2_RS.png, id=20, 636.3775pt x 472.76625pt>
File: h2_p2_RS.png Graphic file (type png)
 <use h2_p2_RS.png>
Package pdftex.def Info: h2_p2_RS.png used on input line 79.
(pdftex.def)             Requested size: 312.00119pt x 231.78012pt.

<h2_p2_IB.png, id=21, 633.36626pt x 470.75874pt>
File: h2_p2_IB.png Graphic file (type png)
 <use h2_p2_IB.png>
Package pdftex.def Info: h2_p2_IB.png used on input line 87.
(pdftex.def)             Requested size: 312.00119pt x 231.90213pt.

<h2_p2_FS.png, id=22, 634.37pt x 468.75125pt>
File: h2_p2_FS.png Graphic file (type png)
 <use h2_p2_FS.png>
Package pdftex.def Info: h2_p2_FS.png used on input line 92.
(pdftex.def)             Requested size: 312.00119pt x 230.54842pt.
 [4 <C:/Users/Dell/Desktop/Âá∫ÂõΩÂáÜÂ§á/Duke/BME503-Neuroc/Exploration2/h2_p2_R
S.png>]
[5 <C:/Users/Dell/Desktop/Âá∫ÂõΩÂáÜÂ§á/Duke/BME503-Neuroc/Exploration2/h2_p2_IB
.png> <C:/Users/Dell/Desktop/Âá∫ÂõΩÂáÜÂ§á/Duke/BME503-Neuroc/Exploration2/h2_p2
_FS.png>] <h2_p2_CH.png, id=32, 629.35126pt x 473.77pt>
File: h2_p2_CH.png Graphic file (type png)
 <use h2_p2_CH.png>
Package pdftex.def Info: h2_p2_CH.png used on input line 101.
(pdftex.def)             Requested size: 312.00119pt x 234.86748pt.

[6 <C:/Users/Dell/Desktop/Âá∫ÂõΩÂáÜÂ§á/Duke/BME503-Neuroc/Exploration2/h2_p2_CH
.png>]
Underfull \hbox (badness 10000) in paragraph at lines 106--108

 []


Underfull \hbox (badness 10000) in paragraph at lines 109--111

 []


Underfull \hbox (badness 10000) in paragraph at lines 112--114

 []

<h2_p1_AMPA.png, id=37, 632.3625pt x 473.77pt>
File: h2_p1_AMPA.png Graphic file (type png)
 <use h2_p1_AMPA.png>
Package pdftex.def Info: h2_p1_AMPA.png used on input line 124.
(pdftex.def)             Requested size: 312.00119pt x 233.7542pt.

<h2_p1_NMDA.png, id=38, 635.37375pt x 475.7775pt>
File: h2_p1_NMDA.png Graphic file (type png)
 <use h2_p1_NMDA.png>
Package pdftex.def Info: h2_p1_NMDA.png used on input line 131.
(pdftex.def)             Requested size: 312.00119pt x 233.64119pt.

<h2_p1_GABAa.png, id=39, 623.32875pt x 473.77pt>
File: h2_p1_GABAa.png Graphic file (type png)
 <use h2_p1_GABAa.png>
Package pdftex.def Info: h2_p1_GABAa.png used on input line 133.
(pdftex.def)             Requested size: 312.00119pt x 237.14467pt.
 [7]
[8 <C:/Users/Dell/Desktop/Âá∫ÂõΩÂáÜÂ§á/Duke/BME503-Neuroc/Exploration2/h2_p1_AM
PA.png>] <h2_p1_GABAb_2.png, id=49, 380.622pt x 285.4665pt>
File: h2_p1_GABAb_2.png Graphic file (type png)

<use h2_p1_GABAb_2.png>
Package pdftex.def Info: h2_p1_GABAb_2.png used on input line 140.
(pdftex.def)             Requested size: 312.00119pt x 234.01434pt.
 [9 <C:/Users/Dell/Desktop/Âá∫ÂõΩÂáÜÂ§á/Duke/BME503-Neuroc/Exploration2/h2_p1_N
MDA.png> <C:/Users/Dell/Desktop/Âá∫ÂõΩÂáÜÂ§á/Duke/BME503-Neuroc/Exploration2/h2
_p1_GABAa.png>]
<h2_p1_GABAb.png, id=55, 629.35126pt x 474.77374pt>
File: h2_p1_GABAb.png Graphic file (type png)
 <use h2_p1_GABAb.png>
Package pdftex.def Info: h2_p1_GABAb.png used on input line 148.
(pdftex.def)             Requested size: 312.00119pt x 235.36508pt.

[10 <C:/Users/Dell/Desktop/Âá∫ÂõΩÂáÜÂ§á/Duke/BME503-Neuroc/Exploration2/h2_p1_G
ABAb_2.png> <C:/Users/Dell/Desktop/Âá∫ÂõΩÂáÜÂ§á/Duke/BME503-Neuroc/Exploration2
/h2_p1_GABAb.png>]
Missing character: There is no ‚ in font ptmr7t!
Missing character: There is no Ä in font ptmr7t!
Missing character: There is no ú in font ptmr7t!
Missing character: There is no ‚ in font ptmr7t!
Missing character: There is no Ä in font ptmr7t!
Missing character: There is no ù in font ptmr7t!
Missing character: There is no ‚ in font ptmr7t!
Missing character: There is no Ä in font ptmr7t!
Missing character: There is no ì in font ptmr7t!
Missing character: There is no Ô in font zptmcm7t!
Missing character: There is no Ä in font zptmcm7t!
Missing character: There is no ¶ in font zptmcm7t!
Missing character: There is no ‚ in font zptmcm7t!
Missing character: There is no à in font zptmcm7t!
Missing character: There is no í in font zptmcm7t!
Missing character: There is no Ô in font zptmcm7t!
Missing character: There is no Ä in font zptmcm7t!
Missing character: There is no ¶ in font zptmcm7t!
Missing character: There is no ‚ in font zptmcm7t!
Missing character: There is no à in font zptmcm7t!
Missing character: There is no í in font zptmcm7t!

Underfull \hbox (badness 10000) in paragraph at lines 172--174

 []


Underfull \hbox (badness 10000) in paragraph at lines 175--177

 []

<h2_p2_2_GABAb_fixed2.png, id=61, 380.622pt x 285.4665pt>
File: h2_p2_2_GABAb_fixed2.png Graphic file (type png)

<use h2_p2_2_GABAb_fixed2.png>
Package pdftex.def Info: h2_p2_2_GABAb_fixed2.png used on input line 182.
(pdftex.def)             Requested size: 312.00119pt x 234.01434pt.

<h2_p2_2_GABAb_fixed.png, id=62, 639.38875pt x 478.78876pt>
File: h2_p2_2_GABAb_fixed.png Graphic file (type png)

<use h2_p2_2_GABAb_fixed.png>
Package pdftex.def Info: h2_p2_2_GABAb_fixed.png used on input line 189.
(pdftex.def)             Requested size: 312.00119pt x 233.63687pt.
 [11] [12 <C:/Users/Dell/Desktop/Âá∫ÂõΩÂáÜÂ§á/Duke/BME503-Neuroc/Exploration2/h
2_p2_2_GABAb_fixed2.png> <C:/Users/Dell/Desktop/Âá∫ÂõΩÂáÜÂ§á/Duke/BME503-Neuroc
/Exploration2/h2_p2_2_GABAb_fixed.png>]
Underfull \hbox (badness 10000) in paragraph at lines 196--198

 []


Underfull \hbox (badness 10000) in paragraph at lines 199--201

 []

[13] [14] [15] [16] [17]
Underfull \hbox (badness 10000) in paragraph at lines 353--355

 []

[18] [19] [20] [21] [22] [23] [24] [25]
(C:\Users\Dell\Desktop\Âá∫ÂõΩÂáÜÂ§á\Duke\BME503-Neuroc\Exploration2\Exploration
2.aux)

LaTeX Warning: There were multiply-defined labels.

 ) 
Here is how much of TeX's memory you used:
 4869 strings out of 495354
 69028 string characters out of 3183860
 194980 words of memory out of 3000000
 7966 multiletter control sequences out of 15000+200000
 36356 words of font info for 84 fonts, out of 3000000 for 9000
 14 hyphenation exceptions out of 8191
 36i,7n,40p,753b,1550s stack positions out of 5000i,500n,10000p,200000b,50000s
{D:/CTEX/MiKTeX/fonts/enc/dvips/fontname/8r.enc}<D:/CTEX/MiKTeX/fonts/type1/p
ublic/amsfonts/cm/cmmi10.pfb><D:/CTEX/MiKTeX/fonts/type1/public/amsfonts/cm/cmr
10.pfb><D:/CTEX/MiKTeX/fonts/type1/public/amsfonts/cm/cmtt10.pfb><D:/CTEX/MiKTe
X/fonts/type1/urw/symbol/usyr.pfb><D:/CTEX/MiKTeX/fonts/type1/urw/times/utmb8a.
pfb><D:/CTEX/MiKTeX/fonts/type1/urw/times/utmr8a.pfb><D:/CTEX/MiKTeX/fonts/type
1/urw/times/utmri8a.pfb>
Output written on Exploration2.pdf (25 pages, 488380 bytes).
PDF statistics:
 139 PDF objects out of 1000 (max. 8388607)
 0 named destinations out of 1000 (max. 500000)
 66 words of extra memory for PDF output out of 10000 (max. 10000000)

